*** Using Compiler 'V5.06 update 7 (build 960)', folder: 'D:\mdk\ARM\ARMCC\Bin'
Build target 'Hero_board1_SJW'
compiling M3508_Motor.c...
compiling pid.c...
..\Alg\Alg.c\pid.c(82): warning:  #177-D: variable "network_kp"  was declared but never referenced
    float network_kp;
..\Alg\Alg.c\pid.c(83): warning:  #177-D: variable "network_ki"  was declared but never referenced
    float network_ki;
..\Alg\Alg.c\pid.c(84): warning:  #177-D: variable "network_kd"  was declared but never referenced
    float network_kd;
..\Alg\Alg.c\pid.c(85): warning:  #550-D: variable "delta_error"  was set but never used
    float delta_error;
..\Alg\Alg.c\pid.c: 4 warnings, 0 errors
compiling BSP_Usart.c...
compiling freertos.c...
compiling BSP_BoardCommunication.c...
compiling Protocol_UpperComputer.c...
compiling Task_CommunicateWithPC.c...
compiling FeedForward.c...
compiling Cloud_Control.c...
compiling FrictionWheel.c...
compiling Shoot.c...
compiling Dial.c...
compiling SBUS.c...
compiling DT7.c...
compiling J4340_Motor.c...
compiling Task_DT7.c...
compiling Task_RobotControl.c...
compiling Task_J4310_onlineCheck.c...
compiling Task_VOFA.c...
compiling Task_CanSend.c...
compiling Task_CanReceive.c...
linking...
Program Size: Code=34864 RO-data=2352 RW-data=804 ZI-data=27612  
FromELF: creating hex file...
".\Hero_board1_SJW\Hero_board1_SJW.axf" - 0 Error(s), 4 Warning(s).
Build Time Elapsed:  00:02:16
