*** Using Compiler 'V5.06 update 7 (build 960)', folder: 'D:\mdk\ARM\ARMCC\Bin'
Build target 'Hero_board1_SJW'
compiling Task_OfflineCheck.c...
../BSP/BSP.h/BSP_Test.h(17): warning:  #3108-D: attribute "__packed__" does not apply here
  typedef __packed struct
..\Tasks\Tasks.c\Task_OfflineCheck.c: 1 warning, 0 errors
compiling J4310_Motor.c...
..\Devices\Devices.c\J4310_Motor.c(59): warning:  #1035-D: single-precision operand implicitly converted to double-precision
    float Postion = uq1 / 8192 * 2 * Pi;
..\Devices\Devices.c\J4310_Motor.c(91): warning:  #177-D: variable "TxMailbox"  was declared but never referenced
    uint32_t TxMailbox;
..\Devices\Devices.c\J4310_Motor.c(118): warning:  #550-D: variable "Can_Send_Data"  was set but never used
    Can_Send_Data_t Can_Send_Data;
..\Devices\Devices.c\J4310_Motor.c(160): warning:  #1035-D: single-precision operand implicitly converted to double-precision
    J4310_Array[StdId]->realAngle = J4310_Array[StdId]->realAngle / 2 * 3.1415927 * 36.f;
..\Devices\Devices.c\J4310_Motor.c: 4 warnings, 0 errors
compiling DT7.c...
compiling Cloud_Control.c...
compiling freertos.c...
../BSP/BSP.h/BSP_Test.h(17): warning:  #3108-D: attribute "__packed__" does not apply here
  typedef __packed struct
../Core/Src/freertos.c: 1 warning, 0 errors
compiling Shoot.c...
compiling BSP_Usart.c...
compiling Task_DT7.c...
compiling FrictionWheel.c...
compiling Protocol_UpperComputer.c...
compiling Task_RobotControl.c...
../BSP/BSP.h/BSP_Test.h(17): warning:  #3108-D: attribute "__packed__" does not apply here
  typedef __packed struct
..\Tasks\Tasks.c\Task_RobotControl.c: 1 warning, 0 errors
compiling Task_CommunicateWithPC.c...
compiling Task_CanReceive.c...
compiling Dial.c...
compiling FeedForward.c...
compiling Task_CanSend.c...
compiling Task_J4310_onlineCheck.c...
compiling Task_VOFA.c...
linking...
Program Size: Code=34620 RO-data=2400 RW-data=756 ZI-data=26988  
FromELF: creating hex file...
".\Hero_board1_SJW\Hero_board1_SJW.axf" - 0 Error(s), 7 Warning(s).
Build Time Elapsed:  00:02:38
