*** Using Compiler 'V5.06 update 7 (build 960)', folder: 'D:\mdk\ARM\ARMCC\Bin'
Build target 'Hero_board1_SJW'
compiling BSP_BoardCommunication.c...
compiling vofa.c...
compiling M3508_Motor.c...
compiling DT7.c...
compiling M6020_Motor.c...
compiling Protocol_UpperComputer.c...
compiling J4310_Motor.c...
..\Devices\Devices.c\J4310_Motor.c(63): warning:  #1035-D: single-precision operand implicitly converted to double-precision
    float Postion = uq1 / 8192 * 2 * Pi;
..\Devices\Devices.c\J4310_Motor.c(154): warning:  #550-D: variable "Can_Send_Data"  was set but never used
    Can_Send_Data_t Can_Send_Data;
..\Devices\Devices.c\J4310_Motor.c(197): warning:  #1035-D: single-precision operand implicitly converted to double-precision
    J4310_Array[StdId]->realAngle = J4310_Array[StdId]->realAngle / 2 * 3.1415927 * 36.f;
..\Devices\Devices.c\J4310_Motor.c: 3 warnings, 0 errors
compiling SBUS.c...
compiling Cloud_Control.c...
compiling Dial.c...
compiling Shoot.c...
compiling FrictionWheel.c...
compiling freertos.c...
../BSP/BSP.h/BSP_Test.h(16): warning:  #3108-D: attribute "__packed__" does not apply here
  typedef __packed struct
../Core/Src/freertos.c: 1 warning, 0 errors
compiling BSP_Usart.c...
compiling FeedForward.c...
compiling Task_CommunicateWithPC.c...
compiling Task_DT7.c...
compiling Task_VOFA.c...
compiling Task_OfflineCheck.c...
compiling Task_RobotControl.c...
../BSP/BSP.h/BSP_Test.h(16): warning:  #3108-D: attribute "__packed__" does not apply here
  typedef __packed struct
..\Tasks\Tasks.c\Task_RobotControl.c: 1 warning, 0 errors
compiling Task_CanSend.c...
compiling Task_CanReceive.c...
compiling Task_J4310_onlineCheck.c...
linking...
Program Size: Code=34988 RO-data=2400 RW-data=756 ZI-data=27564  
FromELF: creating hex file...
".\Hero_board1_SJW\Hero_board1_SJW.axf" - 0 Error(s), 5 Warning(s).
Build Time Elapsed:  00:04:35
